c:\users\mvelo thusi\source\repos\codebrain\codebrain\x64\debug\vc143.pdb
c:\users\mvelo thusi\source\repos\codebrain\codebrain\x64\debug\.netframework,version=v4.7.2.assemblyattributes.obj
c:\users\mvelo thusi\source\repos\codebrain\codebrain\x64\debug\question.obj
c:\users\mvelo thusi\source\repos\codebrain\codebrain\x64\debug\myform4.obj
c:\users\mvelo thusi\source\repos\codebrain\codebrain\x64\debug\myform3.obj
c:\users\mvelo thusi\source\repos\codebrain\codebrain\x64\debug\myform2.obj
c:\users\mvelo thusi\source\repos\codebrain\codebrain\x64\debug\myform1.obj
c:\users\mvelo thusi\source\repos\codebrain\codebrain\x64\debug\myform.obj
c:\users\mvelo thusi\source\repos\codebrain\x64\debug\codebrain.exe
c:\users\mvelo thusi\source\repos\codebrain\x64\debug\codebrain.pdb
c:\users\mvelo thusi\source\repos\codebrain\codebrain\x64\debug\codebrain.tlog\cl.command.1.tlog
c:\users\mvelo thusi\source\repos\codebrain\codebrain\x64\debug\codebrain.tlog\cl.items.tlog
c:\users\mvelo thusi\source\repos\codebrain\codebrain\x64\debug\codebrain.tlog\cl.read.1.tlog
c:\users\mvelo thusi\source\repos\codebrain\codebrain\x64\debug\codebrain.tlog\cl.write.1.tlog
c:\users\mvelo thusi\source\repos\codebrain\codebrain\x64\debug\codebrain.tlog\link.command.1.tlog
c:\users\mvelo thusi\source\repos\codebrain\codebrain\x64\debug\codebrain.tlog\link.read.1.tlog
c:\users\mvelo thusi\source\repos\codebrain\codebrain\x64\debug\codebrain.tlog\link.write.1.tlog
c:\users\mvelo thusi\source\repos\codebrain\codebrain\x64\debug\codebrain.tlog\metagen.read.1.tlog
c:\users\mvelo thusi\source\repos\codebrain\codebrain\x64\debug\codebrain.tlog\metagen.write.1.tlog
c:\users\mvelo thusi\source\repos\codebrain\codebrain\x64\debug\codebrain.tlog\resgen.command.1.tlog
c:\users\mvelo thusi\source\repos\codebrain\codebrain\x64\debug\codebrain.tlog\resgen.read.1.tlog
c:\users\mvelo thusi\source\repos\codebrain\codebrain\x64\debug\codebrain.tlog\resgen.write.1.tlog
